Determining if the pthread_create exist failed with the following output:
Change Dir: /home/zack/total/CLionProjects/arm_robot_locate/cmake-build-debug/CMakeFiles/CMakeTmp

Run Build Command:"/usr/bin/make" "cmTC_04916/fast"
/usr/bin/make -f CMakeFiles/cmTC_04916.dir/build.make CMakeFiles/cmTC_04916.dir/build
make[1]: Entering directory '/home/zack/total/CLionProjects/arm_robot_locate/cmake-build-debug/CMakeFiles/CMakeTmp'
Building C object CMakeFiles/cmTC_04916.dir/CheckSymbolExists.c.o
/usr/bin/cc   -fPIC    -o CMakeFiles/cmTC_04916.dir/CheckSymbolExists.c.o   -c /home/zack/total/CLionProjects/arm_robot_locate/cmake-build-debug/CMakeFiles/CMakeTmp/CheckSymbolExists.c
Linking C executable cmTC_04916
/opt/clion-2018.2.4/bin/cmake/linux/bin/cmake -E cmake_link_script CMakeFiles/cmTC_04916.dir/link.txt --verbose=1
/usr/bin/cc -fPIC     -rdynamic CMakeFiles/cmTC_04916.dir/CheckSymbolExists.c.o  -o cmTC_04916 
CMakeFiles/cmTC_04916.dir/CheckSymbolExists.c.o: In function `main':
CheckSymbolExists.c:(.text+0x1b): undefined reference to `pthread_create'
collect2: error: ld returned 1 exit status
CMakeFiles/cmTC_04916.dir/build.make:86: recipe for target 'cmTC_04916' failed
make[1]: *** [cmTC_04916] Error 1
make[1]: Leaving directory '/home/zack/total/CLionProjects/arm_robot_locate/cmake-build-debug/CMakeFiles/CMakeTmp'
Makefile:121: recipe for target 'cmTC_04916/fast' failed
make: *** [cmTC_04916/fast] Error 2

File /home/zack/total/CLionProjects/arm_robot_locate/cmake-build-debug/CMakeFiles/CMakeTmp/CheckSymbolExists.c:
/* */
#include <pthread.h>

int main(int argc, char** argv)
{
  (void)argv;
#ifndef pthread_create
  return ((int*)(&pthread_create))[argc];
#else
  (void)argc;
  return 0;
#endif
}

Determining if the function pthread_create exists in the pthreads failed with the following output:
Change Dir: /home/zack/total/CLionProjects/arm_robot_locate/cmake-build-debug/CMakeFiles/CMakeTmp

Run Build Command:"/usr/bin/make" "cmTC_23275/fast"
/usr/bin/make -f CMakeFiles/cmTC_23275.dir/build.make CMakeFiles/cmTC_23275.dir/build
make[1]: Entering directory '/home/zack/total/CLionProjects/arm_robot_locate/cmake-build-debug/CMakeFiles/CMakeTmp'
Building C object CMakeFiles/cmTC_23275.dir/CheckFunctionExists.c.o
/usr/bin/cc   -fPIC -DCHECK_FUNCTION_EXISTS=pthread_create   -o CMakeFiles/cmTC_23275.dir/CheckFunctionExists.c.o   -c /opt/clion-2018.2.4/bin/cmake/linux/share/cmake-3.12/Modules/CheckFunctionExists.c
Linking C executable cmTC_23275
/opt/clion-2018.2.4/bin/cmake/linux/bin/cmake -E cmake_link_script CMakeFiles/cmTC_23275.dir/link.txt --verbose=1
/usr/bin/cc -fPIC -DCHECK_FUNCTION_EXISTS=pthread_create    -rdynamic CMakeFiles/cmTC_23275.dir/CheckFunctionExists.c.o  -o cmTC_23275 -lpthreads 
/usr/bin/ld: cannot find -lpthreads
collect2: error: ld returned 1 exit status
CMakeFiles/cmTC_23275.dir/build.make:86: recipe for target 'cmTC_23275' failed
make[1]: *** [cmTC_23275] Error 1
make[1]: Leaving directory '/home/zack/total/CLionProjects/arm_robot_locate/cmake-build-debug/CMakeFiles/CMakeTmp'
Makefile:121: recipe for target 'cmTC_23275/fast' failed
make: *** [cmTC_23275/fast] Error 2


